<?xml version="1.0" encoding="UTF-8"?>
<testsuites>
  <testsuite name="bsafe_app" timestamp="2024-05-16T10:47:23Z" hostname="1a693fc4a8e3" tests="3" skipped="0" failures="0" errors="0" time="10.952">
    <testcase time="7.073" classname="bsafe_app" name="bsafe_module_starts"/>
    <testcase time="0.339" classname="bsafe_app" name="_unnamed_"/>
    <testcase time="3.54" classname="bsafe_app" name="tm_bsafe_starts"/>
  </testsuite>
  <testsuite name="decision_making" timestamp="2024-05-16T10:47:27Z" hostname="1a693fc4a8e3" tests="16" skipped="0" failures="0" errors="0" time="33.078">
    <testcase time="0.0179999999999989" classname="decision_making" name="calc_log_hazard_area_returns_correct_values"/>
    <testcase time="0.00400000000000134" classname="decision_making" name="calc_param_approx_boundaries_returns_correct_lower_and_upper_boundaries"/>
    <testcase time="12.297" classname="decision_making" name="can_read_and_change_distribution"/>
    <testcase time="1.952" classname="decision_making" name="can_read_and_change_non_ae_perc_slider"/>
    <testcase time="0.00799999999999912" classname="decision_making" name="ae_div_is_hidden_when_analysis_type_is_BSAFE_CHOICES_SEL_ANALYSIS_1_"/>
    <testcase time="0.0139999999999993" classname="decision_making" name="inci_div_is_visible_when_analysis_type_is_BSAFE_CHOICES_SEL_ANALYSIS_1_"/>
    <testcase time="0.963000000000001" classname="decision_making" name="header_element_is_present"/>
    <testcase time="0.960000000000001" classname="decision_making" name="preface_element_is_present"/>
    <testcase time="1" classname="decision_making" name="plot_is_present"/>
    <testcase time="0.962" classname="decision_making" name="auc_text_element_is_present"/>
    <testcase time="0.982000000000003" classname="decision_making" name="preset_statements_table_is_present"/>
    <testcase time="2.43" classname="decision_making" name="exported_preset_statements_code_matches_output"/>
    <testcase time="2.368" classname="decision_making" name="exported_plot_code_matches_output"/>
    <testcase time="9.10299999999999" classname="decision_making" name="can_read_and_change_ae_perc_slider"/>
    <testcase time="0.00900000000000034" classname="decision_making" name="ae_div_is_hidden_when_analysis_type_is_BSAFE_CHOICES_SEL_ANALYSIS_2_"/>
    <testcase time="0.00800000000000267" classname="decision_making" name="inci_div_is_visible_when_analysis_type_is_BSAFE_CHOICES_SEL_ANALYSIS_2_"/>
  </testsuite>
  <testsuite name="map_prior" timestamp="2024-05-16T10:48:00Z" hostname="1a693fc4a8e3" tests="27" skipped="0" failures="1" errors="0" time="77.682">
    <testcase time="0.0889999999999986" classname="map_prior" name="preface_prior_txt_returns_correct_preface_for_MAP_approach"/>
    <testcase time="0.00300000000000011" classname="map_prior" name="preface_prior_txt_returns_correct_preface_for_log_scale_approach"/>
    <testcase time="0.0150000000000006" classname="map_prior" name="preface_prior_txt_returns_an_error_for_unknown_selection_analysis"/>
    <testcase time="12.106" classname="map_prior" name="map_prior_is_calculated_when_button_is_pressed"/>
    <testcase time="1.465" classname="map_prior" name="forest_plot_is_present"/>
    <testcase time="1.454" classname="map_prior" name="mix_density_plot_is_present"/>
    <testcase time="1.454" classname="map_prior" name="preface_prior_text_is_present"/>
    <testcase time="1.58" classname="map_prior" name="density_function_is_present"/>
    <testcase time="1.451" classname="map_prior" name="summary_table_is_present"/>
    <testcase time="1.48400000000001" classname="map_prior" name="map_mcmc_returned_values_is_a_gMAP_object"/>
    <testcase time="1.58399999999999" classname="map_prior" name="param_approx_returned_values_is_a_EM_object"/>
    <testcase time="1.78800000000001" classname="map_prior" name="adj_tau_returned_values_is_a_numeric"/>
    <testcase time="1.571" classname="map_prior" name="ess_method_is_a_subset_from_BSAFE_CHOICES_SEL_ESS_METHOD"/>
    <testcase time="1.86399999999999" classname="map_prior" name="forest_plot_is_a_ggplot"/>
    <testcase time="1.44200000000001" classname="map_prior" name="map_summary_table_is_a_data.frame">
      <failure type="failure" message="Check on 'v' failed: Must be of type 'data.frame', not 'kableExtra/knitr_kable' ('test-map_prior.R:94:5')">Check on 'v' failed: Must be of type 'data.frame', not 'kableExtra/knitr_kable'
Backtrace:
    x
 1. \-checkmate::expect_data_frame(v) at test-map_prior.R:94:5
 2.   \-checkmate::makeExpectation(x, res, info, label)</failure>
    </testcase>
    <testcase time="5.31999999999999" classname="map_prior" name="map_mcmc_code_eval_matches_print"/>
    <testcase time="5.16500000000001" classname="map_prior" name="param_approx_code_eval_matches_print"/>
    <testcase time="1.48" classname="map_prior" name="adj_tau_code_eval_matches_value"/>
    <testcase time="5.494" classname="map_prior" name="forest_plot_code_eval_matches_plot"/>
    <testcase time="5.205" classname="map_prior" name="map_summary_table_code_eval_matches_value"/>
    <testcase time="6.002" classname="map_prior" name="can_read_and_change_tau"/>
    <testcase time="1.306" classname="map_prior" name="can_read_and_change_hist_borrow"/>
    <testcase time="5.10300000000001" classname="map_prior" name="can_read_and_change_effective_sampling_method"/>
    <testcase time="1.169" classname="map_prior" name="menu_prior_is_invalidated_when_any_change_in_the_input_values_to_map_prior_happens"/>
    <testcase time="4.28100000000001" classname="map_prior" name="menu_prior_is_invalidated_when_any_change_in_the_input_values_to_map_prior_happens"/>
    <testcase time="3.91699999999999" classname="map_prior" name="menu_prior_is_invalidated_when_any_change_in_the_input_values_to_map_prior_happens"/>
    <testcase time="3.89" classname="map_prior" name="menu_prior_is_invalidated_when_any_change_in_the_input_values_to_map_prior_happens"/>
  </testsuite>
  <testsuite name="new_trial_analysis" timestamp="2024-05-16T10:49:23Z" hostname="1a693fc4a8e3" tests="23" skipped="0" failures="1" errors="0" time="27.198">
    <testcase time="5.70900000000002" classname="new_trial_analysis" name="ae_div_side_and_main_is_hidden_when_analysis_type_is_BSAFE_CHOICES_SEL_ANALYSIS_1_"/>
    <testcase time="0.00600000000000023" classname="new_trial_analysis" name="ae_div_side_and_main_is_hidden_when_analysis_type_is_BSAFE_CHOICES_SEL_ANALYSIS_1_"/>
    <testcase time="0.00799999999998136" classname="new_trial_analysis" name="inci_div_side_and_main_is_visible_when_analysis_type_is_BSAFE_CHOICES_SEL_ANALYSIS_1_"/>
    <testcase time="0.00600000000000023" classname="new_trial_analysis" name="inci_div_side_and_main_is_visible_when_analysis_type_is_BSAFE_CHOICES_SEL_ANALYSIS_1_"/>
    <testcase time="1.89700000000002" classname="new_trial_analysis" name="can_read_and_change_number_of_patients"/>
    <testcase time="1.488" classname="new_trial_analysis" name="can_read_and_change_number_of_patients_with_AE"/>
    <testcase time="1.52499999999998" classname="new_trial_analysis" name="number_of_patients_with_AE_slider_is_updated_when_number_of_patients_change"/>
    <testcase time="1.50200000000001" classname="new_trial_analysis" name="number_of_patients_with_AE_slider_is_updated_when_number_of_patients_change"/>
    <testcase time="0.738" classname="new_trial_analysis" name="mix_density_plot_is_present"/>
    <testcase time="0.740000000000009" classname="new_trial_analysis" name="summary_table_is_present"/>
    <testcase time="0.74199999999999" classname="new_trial_analysis" name="new_trial_analysis_is_a_string"/>
    <testcase time="0.740000000000009" classname="new_trial_analysis" name="post_dist_is_a_string"/>
    <testcase time="0.740999999999985" classname="new_trial_analysis" name="current_trial_data_is_a_string"/>
    <testcase time="0.754000000000019" classname="new_trial_analysis" name="compare_plot_is_a_ggplot"/>
    <testcase time="0.738" classname="new_trial_analysis" name="map_summary_table_is_a_data.frame">
      <failure type="failure" message="Check on 'v' failed: Must be of type 'data.frame', not 'kableExtra/knitr_kable' ('test-new_trial_analysis.R:104:5')">Check on 'v' failed: Must be of type 'data.frame', not 'kableExtra/knitr_kable'
Backtrace:
    x
 1. \-checkmate::expect_data_frame(v) at test-new_trial_analysis.R:104:5
 2.   \-checkmate::makeExpectation(x, res, info, label)</failure>
    </testcase>
    <testcase time="1.01900000000001" classname="new_trial_analysis" name="compare_plot_code_eval_matches_plot"/>
    <testcase time="0.819000000000017" classname="new_trial_analysis" name="compare_summary_table_code_eval_matches_value"/>
    <testcase time="5.517" classname="new_trial_analysis" name="ae_div_side_and_main_is_visible_when_analysis_type_is_BSAFE_CHOICES_SEL_ANALYSIS_2_"/>
    <testcase time="0.00600000000000023" classname="new_trial_analysis" name="ae_div_side_and_main_is_visible_when_analysis_type_is_BSAFE_CHOICES_SEL_ANALYSIS_2_"/>
    <testcase time="0.00799999999998136" classname="new_trial_analysis" name="inci_div_side_and_main_is_hidden_when_analysis_type_is_BSAFE_CHOICES_SEL_ANALYSIS_2_"/>
    <testcase time="0.00600000000000023" classname="new_trial_analysis" name="inci_div_side_and_main_is_hidden_when_analysis_type_is_BSAFE_CHOICES_SEL_ANALYSIS_2_"/>
    <testcase time="1.292" classname="new_trial_analysis" name="can_read_and_change_first_occurence"/>
    <testcase time="1.197" classname="new_trial_analysis" name="can_read_and_change_cummulative_time"/>
  </testsuite>
  <testsuite name="robust_map" timestamp="2024-05-16T10:49:45Z" hostname="1a693fc4a8e3" tests="18" skipped="0" failures="1" errors="0" time="35.2">
    <testcase time="0.0660000000000025" classname="robust_map" name="preface_rob_txt_returns_correct_preface_for_weakly_informative_conjugate_component"/>
    <testcase time="0.0040000000000191" classname="robust_map" name="preface_rob_txt_returns_correct_preface_for_EX_NEX_approach"/>
    <testcase time="0.0029999999999859" classname="robust_map" name="preface_rob_txt_returns_NULL_for_unknown_selection_analysis"/>
    <testcase time="5.81399999999999" classname="robust_map" name="robust_mean_div_is_hidden_when_analysis_type_is_BSAFE_CHOICES_SEL_ANALYSIS_1_"/>
    <testcase time="2.434" classname="robust_map" name="can_read_and_informative_prior_weight"/>
    <testcase time="5.75900000000001" classname="robust_map" name="can_read_and_change_ess_method"/>
    <testcase time="1.24000000000001" classname="robust_map" name="robust_map_mcmc_is_data.frame"/>
    <testcase time="1.244" classname="robust_map" name="robust_plot_is_ggplot"/>
    <testcase time="1.26600000000002" classname="robust_map" name="robust_summary_is_data.frame">
      <failure type="failure" message="Check on 'v' failed: Must be of type 'data.frame', not 'kableExtra/knitr_kable' ('test-robust_map.R:85:5')">Check on 'v' failed: Must be of type 'data.frame', not 'kableExtra/knitr_kable'
Backtrace:
    x
 1. \-checkmate::expect_data_frame(v) at test-robust_map.R:85:5
 2.   \-checkmate::makeExpectation(x, res, info, label)</failure>
    </testcase>
    <testcase time="1.274" classname="robust_map" name="preface_text_is_present"/>
    <testcase time="1.267" classname="robust_map" name="density_function_is_present"/>
    <testcase time="1.29599999999999" classname="robust_map" name="robust_map_plot_is_present"/>
    <testcase time="1.38300000000001" classname="robust_map" name="table_is_present"/>
    <testcase time="1.47" classname="robust_map" name="robust_map_mcmc_code_eval_matches_value"/>
    <testcase time="1.46599999999998" classname="robust_map" name="robust_plot_code_eval_matches_value"/>
    <testcase time="1.36700000000002" classname="robust_map" name="robust_summary_code_eval_matches_value"/>
    <testcase time="5.547" classname="robust_map" name="robust_mean_div_is_visible_when_analysis_type_is_BSAFE_CHOICES_SEL_ANALYSIS_2_"/>
    <testcase time="2.29999999999998" classname="robust_map" name="can_read_and_change_informative_prior_mean"/>
  </testsuite>
  <testsuite name="select_analysis" timestamp="2024-05-16T10:50:20Z" hostname="1a693fc4a8e3" tests="16" skipped="0" failures="0" errors="0" time="7.931">
    <testcase time="0.0680000000000121" classname="select_analysis" name="get_arm_choices_and_selection_returns_correct_choices_when_previous_selection_is_empty"/>
    <testcase time="0.0029999999999859" classname="select_analysis" name="get_arm_choices_and_selection_returns_correct_selected_value_when_previous_selection_is_empty"/>
    <testcase time="0.0040000000000191" classname="select_analysis" name="get_arm_choices_and_selection_returns_correct_choices_when_previous_selection_is_not_empty"/>
    <testcase time="0.0029999999999859" classname="select_analysis" name="get_arm_choices_and_selection_returns_correct_selected_value_when_previous_selection_is_not_empty"/>
    <testcase time="0.0040000000000191" classname="select_analysis" name="get_safety_topic_choices_and_selection_returns_correct_choices_when_there_are_choices"/>
    <testcase time="0.0029999999999859" classname="select_analysis" name="get_safety_topic_choices_and_selection_returns_correct_selected_value_when_there_are_choices"/>
    <testcase time="0.00300000000001432" classname="select_analysis" name="get_safety_topic_choices_and_selection_returns_correct_choices_when_previous_selection_is_not_empty"/>
    <testcase time="0.00399999999999068" classname="select_analysis" name="get_safety_topic_choices_and_selection_returns_correct_selected_value_when_previous_selection_is_not_empty"/>
    <testcase time="0.0029999999999859" classname="select_analysis" name="get_safety_topic_choices_and_selection_returns_NULL_choices_when_there_are_no_choices"/>
    <testcase time="0.00500000000002387" classname="select_analysis" name="get_safety_topic_choices_and_selection_returns_NULL_selected_value_when_there_are_no_choices"/>
    <testcase time="3.71199999999999" classname="select_analysis" name="can_read_and_change_treatment"/>
    <testcase time="0.980999999999995" classname="select_analysis" name="can_read_and_change_change_analysis_type"/>
    <testcase time="0.984000000000009" classname="select_analysis" name="can_read_and_change_safety_topic"/>
    <testcase time="0.918999999999983" classname="select_analysis" name="can_read_and_change_seed"/>
    <testcase time="0.416000000000025" classname="select_analysis" name="returned_data_is_a_data.frame"/>
    <testcase time="0.818999999999988" classname="select_analysis" name="exported_data_code_matches_output"/>
  </testsuite>
  <testsuite name="utils" timestamp="2024-05-16T10:50:28Z" hostname="1a693fc4a8e3" tests="5" skipped="0" failures="0" errors="0" time="0.074">
    <testcase time="0.0620000000000118" classname="utils" name="_returns_a_when_a_is_not_NULL_not_NA_and_has_length_0"/>
    <testcase time="0.0029999999999859" classname="utils" name="_returns_b_when_a_is_NULL"/>
    <testcase time="0.00300000000001432" classname="utils" name="_returns_b_when_a_is_NA"/>
    <testcase time="0.0029999999999859" classname="utils" name="_returns_b_when_a_is_an_empty_vector"/>
    <testcase time="0.00300000000001432" classname="utils" name="_returns_b_when_a_is_a_vector_with_length_0"/>
  </testsuite>
</testsuites>
